<?xml version="1.0" ?>
<testsuites disabled="0" errors="0" failures="0" tests="2" time="0.0">
	<testsuite disabled="0" errors="0" failures="0" name="Command line or configuration file" skipped="0" tests="1" time="0">
		<testcase name="Command line or configuration file:0:0" classname="pylint">
			<system-out>All checks passed for: None</system-out>
		</testcase>
	</testsuite>
	<testsuite disabled="0" errors="0" failures="0" name="eccenca_toolkit" skipped="0" tests="1" time="0">
		<testcase name="eccenca_toolkit:0:0" classname="pylint" file="eccenca_toolkit/__init__.py">
			<system-out>All checks passed for: eccenca_toolkit/__init__.py</system-out>
		</testcase>
	</testsuite>
</testsuites>

